Started GET "/" for 14.177.166.221 at 2016-01-26 08:32:53 -0500
Processing by StaticPagesController#home as HTML
  Rendered static_pages/home.html.erb within layouts/application (8.7ms)
  Rendered layouts/_shim.html.erb (1.0ms)
  Rendered layouts/_header.html.erb (4.3ms)
  Rendered layouts/_footer.html.erb (1.6ms)
Completed 200 OK in 56ms (Views: 45.9ms | ActiveRecord: 0.0ms)
Started GET "/" for 14.177.166.221 at 2016-01-26 08:32:56 -0500
Processing by StaticPagesController#home as HTML
  Rendered static_pages/home.html.erb within layouts/application (8.3ms)
  Rendered layouts/_shim.html.erb (0.9ms)
  Rendered layouts/_header.html.erb (3.9ms)
  Rendered layouts/_footer.html.erb (1.5ms)
Completed 200 OK in 44ms (Views: 33.4ms | ActiveRecord: 0.0ms)
Started GET "/" for 14.177.166.221 at 2016-01-26 08:53:40 -0500
Processing by StaticPagesController#home as HTML
  Rendered static_pages/home.html.erb within layouts/application (1.6ms)
  Rendered layouts/_shim.html.erb (0.1ms)
  Rendered layouts/_header.html.erb (0.7ms)
  Rendered layouts/_footer.html.erb (0.3ms)
Completed 200 OK in 10ms (Views: 7.2ms | ActiveRecord: 0.0ms)
Started GET "/" for 14.177.166.221 at 2016-01-26 08:55:18 -0500
Processing by StaticPagesController#home as HTML
  Rendered static_pages/home.html.erb within layouts/application (2.4ms)
  Rendered layouts/_shim.html.erb (0.2ms)
  Rendered layouts/_header.html.erb (0.9ms)
  Rendered layouts/_footer.html.erb (0.5ms)
Completed 200 OK in 13ms (Views: 9.9ms | ActiveRecord: 0.0ms)
Started GET "/help" for 14.177.166.221 at 2016-01-26 08:55:25 -0500
Processing by StaticPagesController#help as HTML
  Rendered static_pages/help.html.erb within layouts/application (1.6ms)
  Rendered layouts/_shim.html.erb (0.5ms)
  Rendered layouts/_header.html.erb (2.2ms)
  Rendered layouts/_footer.html.erb (1.0ms)
Completed 200 OK in 12ms (Views: 11.5ms | ActiveRecord: 0.0ms)
Started GET "/login" for 14.177.166.221 at 2016-01-26 08:55:25 -0500
Processing by SessionsController#new as HTML
  Rendered sessions/new.html.erb within layouts/application (474.3ms)
  Rendered layouts/_shim.html.erb (0.5ms)
  Rendered layouts/_header.html.erb (1.1ms)
  Rendered layouts/_footer.html.erb (0.5ms)
Completed 200 OK in 529ms (Views: 528.2ms | ActiveRecord: 0.0ms)
Started POST "/login" for 14.177.166.221 at 2016-01-26 08:55:42 -0500
Processing by SessionsController#create as HTML
  Parameters: {"utf8"=>"✓", "authenticity_token"=>"TSE0oV29/7sOjFfJ/RrJJ5s0nfNq6tYVObzVmj9YLms35HaBqphojrbcTkSM6X7H5xflsKKVxDw7DPa7M1uV6Q==", "session"=>{"email"=>"cuhuuhoang@gmail.com", "password"=>"[FILTERED]", "remember_me"=>"0"}, "commit"=>"Log in"}
  [1m[36mUser Load (1.0ms)[0m  [1mSELECT  "users".* FROM "users" WHERE "users"."email" = $1 LIMIT 1[0m  [["email", "cuhuuhoang@gmail.com"]]
  [1m[35m (0.3ms)[0m  BEGIN
  [1m[36m (0.2ms)[0m  [1mCOMMIT[0m
Redirected to http://demo.cuc.re/users/1
Completed 302 Found in 133ms (ActiveRecord: 8.2ms)
Started GET "/users/1" for 14.177.166.221 at 2016-01-26 08:55:42 -0500
Processing by UsersController#show as HTML
  Parameters: {"id"=>"1"}
  [1m[36mUser Load (0.9ms)[0m  [1mSELECT  "users".* FROM "users" WHERE "users"."id" = $1 LIMIT 1[0m  [["id", 1]]
  Rendered users/show.html.erb within layouts/application (1.2ms)
  Rendered layouts/_shim.html.erb (0.0ms)
  [1m[35mUser Load (0.5ms)[0m  SELECT  "users".* FROM "users" WHERE "users"."id" = $1 LIMIT 1  [["id", 1]]
  Rendered layouts/_header.html.erb (4.0ms)
  Rendered layouts/_footer.html.erb (0.6ms)
Completed 200 OK in 55ms (Views: 15.0ms | ActiveRecord: 7.3ms)
Started GET "/users" for 14.177.166.221 at 2016-01-26 08:55:46 -0500
Processing by UsersController#index as HTML
  [1m[35mUser Load (0.3ms)[0m  SELECT  "users".* FROM "users" WHERE "users"."id" = $1 LIMIT 1  [["id", 1]]
  [1m[36m (0.4ms)[0m  [1mSELECT COUNT(*) FROM "users" WHERE "users"."activated" = $1[0m  [["activated", "t"]]
  [1m[35mUser Load (0.6ms)[0m  SELECT  "users".* FROM "users" WHERE "users"."activated" = $1 LIMIT 30 OFFSET 0  [["activated", "t"]]
  Rendered users/_user.html.erb (10.8ms)
  Rendered users/index.html.erb within layouts/application (418.7ms)
  Rendered layouts/_shim.html.erb (0.1ms)
  Rendered layouts/_header.html.erb (0.6ms)
  Rendered layouts/_footer.html.erb (0.2ms)
Completed 200 OK in 432ms (Views: 426.6ms | ActiveRecord: 1.3ms)
Started GET "/users" for 14.177.166.221 at 2016-01-26 08:56:19 -0500
Processing by UsersController#index as HTML
  [1m[36mUser Load (0.6ms)[0m  [1mSELECT  "users".* FROM "users" WHERE "users"."id" = $1 LIMIT 1[0m  [["id", 1]]
  [1m[35m (0.3ms)[0m  SELECT COUNT(*) FROM "users" WHERE "users"."activated" = $1  [["activated", "t"]]
  [1m[36mUser Load (0.5ms)[0m  [1mSELECT  "users".* FROM "users" WHERE "users"."activated" = $1 LIMIT 30 OFFSET 0[0m  [["activated", "t"]]
  Rendered users/_user.html.erb (10.2ms)
  Rendered users/index.html.erb within layouts/application (22.4ms)
  Rendered layouts/_shim.html.erb (0.1ms)
  Rendered layouts/_header.html.erb (0.5ms)
  Rendered layouts/_footer.html.erb (0.3ms)
Completed 200 OK in 29ms (Views: 24.9ms | ActiveRecord: 1.4ms)
Started GET "/users" for 14.177.166.221 at 2016-01-26 08:57:05 -0500
Processing by UsersController#index as HTML
  [1m[36mUser Load (0.9ms)[0m  [1mSELECT  "users".* FROM "users" WHERE "users"."id" = $1 LIMIT 1[0m  [["id", 1]]
  [1m[35m (0.6ms)[0m  SELECT COUNT(*) FROM "users" WHERE "users"."activated" = $1  [["activated", "t"]]
  [1m[36mUser Load (1.4ms)[0m  [1mSELECT  "users".* FROM "users" WHERE "users"."activated" = $1 LIMIT 30 OFFSET 0[0m  [["activated", "t"]]
  Rendered users/_user.html.erb (11.4ms)
  Rendered users/index.html.erb within layouts/application (24.6ms)
  Rendered layouts/_shim.html.erb (0.1ms)
  Rendered layouts/_header.html.erb (0.7ms)
  Rendered layouts/_footer.html.erb (0.2ms)
Completed 200 OK in 34ms (Views: 26.6ms | ActiveRecord: 3.0ms)
Started GET "/" for 14.177.166.221 at 2016-01-26 09:16:01 -0500
Processing by StaticPagesController#home as HTML
  Rendered static_pages/home.html.erb within layouts/application (9.1ms)
  Rendered layouts/_shim.html.erb (0.8ms)
  Rendered layouts/_header.html.erb (4.8ms)
  Rendered layouts/_footer.html.erb (1.9ms)
Completed 200 OK in 65ms (Views: 53.5ms | ActiveRecord: 0.0ms)
Started GET "/" for 14.177.166.221 at 2016-01-26 09:18:37 -0500
Processing by StaticPagesController#home as HTML
  Rendered static_pages/home.html.erb within layouts/application (8.9ms)
  Rendered layouts/_shim.html.erb (1.2ms)
  Rendered layouts/_header.html.erb (4.4ms)
  Rendered layouts/_footer.html.erb (1.8ms)
Completed 200 OK in 79ms (Views: 54.5ms | ActiveRecord: 0.0ms)
Started GET "/" for 40.78.146.128 at 2016-01-26 09:20:19 -0500
Processing by StaticPagesController#home as HTML
  Rendered static_pages/home.html.erb within layouts/application (1.1ms)
  Rendered layouts/_shim.html.erb (0.1ms)
  Rendered layouts/_header.html.erb (0.4ms)
  Rendered layouts/_footer.html.erb (0.4ms)
Completed 200 OK in 7ms (Views: 5.8ms | ActiveRecord: 0.0ms)
Started GET "/" for 40.78.146.128 at 2016-01-26 09:20:20 -0500
Processing by StaticPagesController#home as HTML
  Rendered static_pages/home.html.erb within layouts/application (6.0ms)
  Rendered layouts/_shim.html.erb (0.1ms)
  Rendered layouts/_header.html.erb (1.0ms)
  Rendered layouts/_footer.html.erb (0.3ms)
Completed 200 OK in 18ms (Views: 16.8ms | ActiveRecord: 0.0ms)
Started GET "/" for 113.190.198.93 at 2016-01-26 09:20:43 -0500
Processing by StaticPagesController#home as HTML
  Rendered static_pages/home.html.erb within layouts/application (0.9ms)
  Rendered layouts/_shim.html.erb (0.1ms)
  Rendered layouts/_header.html.erb (0.8ms)
  Rendered layouts/_footer.html.erb (0.3ms)
Completed 200 OK in 6ms (Views: 4.9ms | ActiveRecord: 0.0ms)
Started GET "/" for 104.45.18.178 at 2016-01-26 09:22:15 -0500
Processing by StaticPagesController#home as HTML
  Rendered static_pages/home.html.erb within layouts/application (0.5ms)
  Rendered layouts/_shim.html.erb (0.1ms)
  Rendered layouts/_header.html.erb (0.6ms)
  Rendered layouts/_footer.html.erb (0.5ms)
Completed 200 OK in 4ms (Views: 3.5ms | ActiveRecord: 0.0ms)
Started GET "/" for 14.177.166.221 at 2016-01-26 09:53:36 -0500
Processing by StaticPagesController#home as HTML
  Rendered static_pages/home.html.erb within layouts/application (1.7ms)
  Rendered layouts/_shim.html.erb (0.1ms)
  Rendered layouts/_header.html.erb (0.8ms)
  Rendered layouts/_footer.html.erb (0.5ms)
Completed 200 OK in 10ms (Views: 6.8ms | ActiveRecord: 0.0ms)
Started GET "/users" for 14.177.166.221 at 2016-01-26 10:01:17 -0500
Processing by UsersController#index as HTML
Redirected to http://sample.vn.ee/login
Filter chain halted as :logged_in_user rendered or redirected
Completed 302 Found in 9ms (ActiveRecord: 0.0ms)
Started GET "/login" for 14.177.166.221 at 2016-01-26 10:01:17 -0500
Processing by SessionsController#new as HTML
  Rendered sessions/new.html.erb within layouts/application (419.6ms)
  Rendered layouts/_shim.html.erb (0.1ms)
  Rendered layouts/_header.html.erb (0.4ms)
  Rendered layouts/_footer.html.erb (0.1ms)
Completed 200 OK in 452ms (Views: 450.1ms | ActiveRecord: 0.0ms)
